<?xml version="1.0" encoding="UTF-8"?>
<robot generator="Robot 6.1.1 (Python 3.10.12 on win32)" generated="20231124 14:07:39.464" rpa="true" schemaversion="4">
<suite id="s1" name="Demo-Robot" source="c:\skaler-demo\demo-robot">
<suite id="s1-s1" name="Consumer" source="c:\skaler-demo\demo-robot\consumer.robot">
<test id="s1-s1-t1" name="Consume items" line="9">
<try>
<branch type="TRY">
<kw name="Login">
<doc>Simulates a login that fails 1/5 times to highlight APPLICATION exception handling.
In this example login is performed only once for all work items.</doc>
<kw name="Evaluate" library="BuiltIn">
<var>${Login as James Bond}</var>
<arg>random.randint(1, 5)</arg>
<doc>Evaluates the given expression in Python and returns the result.</doc>
<msg timestamp="20231124 14:07:40.417" level="INFO">${Login as James Bond} = 1</msg>
<status status="PASS" starttime="20231124 14:07:40.417" endtime="20231124 14:07:40.420"/>
</kw>
<if>
<branch type="IF" condition="${Login as James Bond} != 1">
<kw name="Log" library="BuiltIn">
<arg>Logged in as Bond. James Bond.</arg>
<doc>Logs the given message with the given level.</doc>
<status status="NOT RUN" starttime="20231124 14:07:40.420" endtime="20231124 14:07:40.420"/>
</kw>
<status status="NOT RUN" starttime="20231124 14:07:40.420" endtime="20231124 14:07:40.420"/>
</branch>
<branch type="ELSE">
<kw name="Fail" library="BuiltIn">
<arg>Login failed</arg>
<doc>Fails the test with the given message and optionally alters its tags.</doc>
<msg timestamp="20231124 14:07:40.421" level="FAIL">Login failed</msg>
<status status="FAIL" starttime="20231124 14:07:40.421" endtime="20231124 14:07:40.421"/>
</kw>
<status status="FAIL" starttime="20231124 14:07:40.420" endtime="20231124 14:07:40.421"/>
</branch>
<status status="FAIL" starttime="20231124 14:07:40.420" endtime="20231124 14:07:40.421"/>
</if>
<status status="FAIL" starttime="20231124 14:07:40.417" endtime="20231124 14:07:40.421"/>
</kw>
<kw name="For Each Input Work Item" library="RPA.Robocorp.WorkItems">
<arg>Handle item</arg>
<doc>Run a keyword or function for each work item in the input queue.</doc>
<status status="NOT RUN" starttime="20231124 14:07:40.421" endtime="20231124 14:07:40.422"/>
</kw>
<status status="FAIL" starttime="20231124 14:07:40.417" endtime="20231124 14:07:40.422"/>
</branch>
<branch type="EXCEPT" variable="${err}">
<kw name="Log" library="BuiltIn">
<arg>${err}</arg>
<arg>level=ERROR</arg>
<doc>Logs the given message with the given level.</doc>
<msg timestamp="20231124 14:07:40.422" level="ERROR">Login failed</msg>
<status status="PASS" starttime="20231124 14:07:40.422" endtime="20231124 14:07:40.424"/>
</kw>
<kw name="Release Input Work Item" library="RPA.Robocorp.WorkItems">
<arg>state=FAILED</arg>
<arg>exception_type=APPLICATION</arg>
<arg>code=UNCAUGHT_ERROR</arg>
<arg>message=${err}</arg>
<doc>Release the lastly retrieved input work item and set its state.</doc>
<msg timestamp="20231124 14:07:40.425" level="ERROR">Releasing item '0' with FAILED state and exception: {'type': 'APPLICATION', 'code': 'UNCAUGHT_ERROR', 'message': 'Login failed'}</msg>
<status status="PASS" starttime="20231124 14:07:40.424" endtime="20231124 14:07:40.426"/>
</kw>
<status status="PASS" starttime="20231124 14:07:40.422" endtime="20231124 14:07:40.427"/>
</branch>
<status status="PASS" starttime="20231124 14:07:40.417" endtime="20231124 14:07:40.427"/>
</try>
<doc>Login and then cycle through work items.</doc>
<status status="PASS" starttime="20231124 14:07:40.416" endtime="20231124 14:07:40.427"/>
</test>
<status status="PASS" starttime="20231124 14:07:39.506" endtime="20231124 14:07:40.429"/>
</suite>
<status status="PASS" starttime="20231124 14:07:39.467" endtime="20231124 14:07:40.431"/>
</suite>
<statistics>
<total>
<stat pass="1" fail="0" skip="0">All Tasks</stat>
</total>
<tag>
</tag>
<suite>
<stat pass="1" fail="0" skip="0" id="s1" name="Demo-Robot">Demo-Robot</stat>
<stat pass="1" fail="0" skip="0" id="s1-s1" name="Consumer">Demo-Robot.Consumer</stat>
</suite>
</statistics>
<errors>
<msg timestamp="20231124 14:07:40.422" level="ERROR">Login failed</msg>
<msg timestamp="20231124 14:07:40.425" level="ERROR">Releasing item '0' with FAILED state and exception: {'type': 'APPLICATION', 'code': 'UNCAUGHT_ERROR', 'message': 'Login failed'}</msg>
</errors>
</robot>
